Build started 25/06/2015 9:31:13 PM.
     1>Project "C:\Users\Deep\Documents\Visual Studio 2013\Projects\Assignment1cpp\Assignment1cpp\Assignment1cpp.vcxproj" on node 2 (Build target(s)).
     1>ClCompile:
         C:\Program Files (x86)\Microsoft Visual Studio 12.0\VC\bin\CL.exe /c /ZI /nologo /W3 /WX- /sdl /Od /Oy- /D _MBCS /Gm /EHsc /RTC1 /MDd /GS /fp:precise /Zc:wchar_t /Zc:forScope /Fo"Debug\\" /Fd"Debug\vc120.pdb" /Gd /TP /analyze- /errorReport:prompt Token.cpp TokenDB.cpp TokenDriver.cpp
         Token.cpp
         Generating Code...
         Compiling...
         TokenDB.cpp
     1>c:\users\deep\documents\visual studio 2013\projects\assignment1cpp\assignment1cpp\tokendb.cpp(114): warning C4018: '<' : signed/unsigned mismatch
     1>c:\users\deep\documents\visual studio 2013\projects\assignment1cpp\assignment1cpp\tokendb.cpp(120): warning C4018: '>=' : signed/unsigned mismatch
     1>c:\users\deep\documents\visual studio 2013\projects\assignment1cpp\assignment1cpp\tokendb.cpp(163): warning C4804: '>' : unsafe use of type 'bool' in operation
         Generating Code...
         Skipping... (no relevant changes detected)
         TokenDriver.cpp
       Link:
         C:\Program Files (x86)\Microsoft Visual Studio 12.0\VC\bin\link.exe /ERRORREPORT:PROMPT /OUT:"C:\Users\Deep\Documents\Visual Studio 2013\Projects\Assignment1cpp\Debug\Assignment1cpp.exe" /INCREMENTAL /NOLOGO kernel32.lib user32.lib gdi32.lib winspool.lib comdlg32.lib advapi32.lib shell32.lib ole32.lib oleaut32.lib uuid.lib odbc32.lib odbccp32.lib /MANIFEST /MANIFESTUAC:"level='asInvoker' uiAccess='false'" /manifest:embed /DEBUG /PDB:"C:\Users\Deep\Documents\Visual Studio 2013\Projects\Assignment1cpp\Debug\Assignment1cpp.pdb" /TLBID:1 /DYNAMICBASE /NXCOMPAT /IMPLIB:"C:\Users\Deep\Documents\Visual Studio 2013\Projects\Assignment1cpp\Debug\Assignment1cpp.lib" /MACHINE:X86 Debug\Token.obj
         Debug\TokenDB.obj
         Debug\TokenDriver.obj
         Assignment1cpp.vcxproj -> C:\Users\Deep\Documents\Visual Studio 2013\Projects\Assignment1cpp\Debug\Assignment1cpp.exe
     1>Done Building Project "C:\Users\Deep\Documents\Visual Studio 2013\Projects\Assignment1cpp\Assignment1cpp\Assignment1cpp.vcxproj" (Build target(s)).

Build succeeded.

Time Elapsed 00:00:07.03
