Build started 20/08/2015 11:41:55 PM.
     1>Project "C:\Users\Deep\Documents\Visual Studio 2013\Projects\Assignment5CPP\Assignment5CPP\Assignment5CPP.vcxproj" on node 2 (Build target(s)).
     1>ClCompile:
         C:\Program Files (x86)\Microsoft Visual Studio 12.0\VC\bin\CL.exe /c /ZI /nologo /W3 /WX- /sdl /Od /Oy- /D _MBCS /Gm /EHsc /RTC1 /MDd /GS /fp:precise /Zc:wchar_t /Zc:forScope /Fo"Debug\\" /Fd"Debug\vc120.pdb" /Gd /TP /analyze- /errorReport:prompt Driver.cpp NameMap.cpp NameVector.cpp
         NameMap.cpp
         Generating Code...
         Compiling...
         Driver.cpp
         Generating Code...
         Compiling...
         NameVector.cpp
         Generating Code...
       Link:
         C:\Program Files (x86)\Microsoft Visual Studio 12.0\VC\bin\link.exe /ERRORREPORT:PROMPT /OUT:"C:\Users\Deep\Documents\Visual Studio 2013\Projects\Assignment5CPP\Debug\Assignment5CPP.exe" /INCREMENTAL /NOLOGO kernel32.lib user32.lib gdi32.lib winspool.lib comdlg32.lib advapi32.lib shell32.lib ole32.lib oleaut32.lib uuid.lib odbc32.lib odbccp32.lib /MANIFEST /MANIFESTUAC:"level='asInvoker' uiAccess='false'" /manifest:embed /DEBUG /PDB:"C:\Users\Deep\Documents\Visual Studio 2013\Projects\Assignment5CPP\Debug\Assignment5CPP.pdb" /TLBID:1 /DYNAMICBASE /NXCOMPAT /IMPLIB:"C:\Users\Deep\Documents\Visual Studio 2013\Projects\Assignment5CPP\Debug\Assignment5CPP.lib" /MACHINE:X86 Debug\Driver.obj
         Debug\NameMap.obj
         Debug\NameMultiSet.obj
         Debug\NameVector.obj
         Assignment5CPP.vcxproj -> C:\Users\Deep\Documents\Visual Studio 2013\Projects\Assignment5CPP\Debug\Assignment5CPP.exe
     1>Done Building Project "C:\Users\Deep\Documents\Visual Studio 2013\Projects\Assignment5CPP\Assignment5CPP\Assignment5CPP.vcxproj" (Build target(s)).

Build succeeded.

Time Elapsed 00:00:18.66
